reports/co-touchlab/2-0-6-to-2-1-0/run-26309934811/phase1/before/android/build/intermediates/manifest_merge_blame_file/debug/processDebugMainManifest/manifest-merger-blame-debug-report.txt
1<?xml version="1.0" encoding="utf-8"?>
2<manifest xmlns:android="http://schemas.android.com/apk/res/android"
3    package="com.droidcon.app"
4    android:versionCode="10003"
5    android:versionName="1.0.3" >
6
7    <uses-sdk
8        android:minSdkVersion="23"
9        android:targetSdkVersion="36" />
10
11    <uses-permission android:name="android.permission.INTERNET" />
11-->src/main/AndroidManifest.xml:5:5-67
11-->src/main/AndroidManifest.xml:5:22-64
12    <uses-permission android:name="android.permission.RECEIVE_BOOT_COMPLETED" />
12-->src/main/AndroidManifest.xml:6:5-81
12-->src/main/AndroidManifest.xml:6:22-78
13    <uses-permission android:name="com.google.android.gms.permission.AD_ID" />
13-->src/main/AndroidManifest.xml:7:5-79
13-->src/main/AndroidManifest.xml:7:22-76
14    <uses-permission android:name="android.permission.ACCESS_NETWORK_STATE" />
14-->[com.google.firebase:firebase-messaging:25.0.1] AndroidManifest.xml:22:5-79
14-->[com.google.firebase:firebase-messaging:25.0.1] AndroidManifest.xml:22:22-76
15    <uses-permission android:name="android.permission.POST_NOTIFICATIONS" />
15-->[com.google.firebase:firebase-messaging:25.0.1] AndroidManifest.xml:23:5-77
15-->[com.google.firebase:firebase-messaging:25.0.1] AndroidManifest.xml:23:22-74
16    <uses-permission android:name="android.permission.WAKE_LOCK" /> <!-- Required by older versions of Google Play services to create IID tokens -->
16-->[com.google.firebase:firebase-messaging:25.0.1] AndroidManifest.xml:24:5-68
16-->[com.google.firebase:firebase-messaging:25.0.1] AndroidManifest.xml:24:22-65
17    <uses-permission android:name="com.google.android.c2dm.permission.RECEIVE" />
17-->[com.google.firebase:firebase-messaging:25.0.1] AndroidManifest.xml:26:5-82
17-->[com.google.firebase:firebase-messaging:25.0.1] AndroidManifest.xml:26:22-79
18    <uses-permission android:name="android.permission.ACCESS_ADSERVICES_ATTRIBUTION" />
18-->[com.google.android.gms:play-services-measurement-api:23.0.0] AndroidManifest.xml:26:5-88
18-->[com.google.android.gms:play-services-measurement-api:23.0.0] AndroidManifest.xml:26:22-85
19    <uses-permission android:name="android.permission.ACCESS_ADSERVICES_AD_ID" />
19-->[com.google.android.gms:play-services-measurement-api:23.0.0] AndroidManifest.xml:27:5-82
19-->[com.google.android.gms:play-services-measurement-api:23.0.0] AndroidManifest.xml:27:22-79
20    <uses-permission android:name="com.google.android.finsky.permission.BIND_GET_INSTALL_REFERRER_SERVICE" />
20-->[com.google.android.gms:play-services-measurement:23.0.0] AndroidManifest.xml:26:5-110
20-->[com.google.android.gms:play-services-measurement:23.0.0] AndroidManifest.xml:26:22-107
21
22    <permission
22-->[androidx.core:core:1.17.0] AndroidManifest.xml:22:5-24:47
23        android:name="com.droidcon.app.DYNAMIC_RECEIVER_NOT_EXPORTED_PERMISSION"
23-->[androidx.core:core:1.17.0] AndroidManifest.xml:23:9-81
24        android:protectionLevel="signature" />
24-->[androidx.core:core:1.17.0] AndroidManifest.xml:24:9-44
25
26    <uses-permission android:name="com.droidcon.app.DYNAMIC_RECEIVER_NOT_EXPORTED_PERMISSION" />
26-->[androidx.core:core:1.17.0] AndroidManifest.xml:26:5-97
26-->[androidx.core:core:1.17.0] AndroidManifest.xml:26:22-94
27
28    <application
28-->src/main/AndroidManifest.xml:9:5-47:19
29        android:name="co.touchlab.droidcon.android.MainApp"
29-->src/main/AndroidManifest.xml:14:9-60
30        android:appComponentFactory="androidx.core.app.CoreComponentFactory"
30-->[androidx.core:core:1.17.0] AndroidManifest.xml:28:18-86
31        android:debuggable="true"
32        android:extractNativeLibs="false"
33        android:icon="@mipmap/ic_launcher"
33-->src/main/AndroidManifest.xml:10:9-43
34        android:label="@string/app_name"
34-->src/main/AndroidManifest.xml:11:9-41
35        android:supportsRtl="true"
35-->src/main/AndroidManifest.xml:12:9-35
36        android:theme="@style/Theme.Droidcon.Starting" >
36-->src/main/AndroidManifest.xml:13:9-55
37        <activity
37-->src/main/AndroidManifest.xml:15:9-24:20
38            android:name="co.touchlab.droidcon.android.MainActivity"
38-->src/main/AndroidManifest.xml:16:13-69
39            android:exported="true"
39-->src/main/AndroidManifest.xml:18:13-36
40            android:windowSoftInputMode="adjustResize" >
40-->src/main/AndroidManifest.xml:17:13-55
41            <intent-filter>
41-->src/main/AndroidManifest.xml:19:13-23:29
42                <action android:name="android.intent.action.MAIN" />
42-->src/main/AndroidManifest.xml:20:17-69
42-->src/main/AndroidManifest.xml:20:25-66
43
44                <category android:name="android.intent.category.LAUNCHER" />
44-->src/main/AndroidManifest.xml:22:17-77
44-->src/main/AndroidManifest.xml:22:27-74
45            </intent-filter>
46        </activity>
47
48        <receiver android:name="co.touchlab.droidcon.service.NotificationPublisher" />
48-->src/main/AndroidManifest.xml:26:9-87
48-->src/main/AndroidManifest.xml:26:19-84
49        <receiver
49-->src/main/AndroidManifest.xml:28:9-34:20
50            android:name="co.touchlab.droidcon.service.NotificationRescheduler"
50-->src/main/AndroidManifest.xml:29:13-80
51            android:exported="false" >
51-->src/main/AndroidManifest.xml:30:13-37
52            <intent-filter>
52-->src/main/AndroidManifest.xml:31:13-33:29
53                <action android:name="android.intent.action.BOOT_COMPLETED" />
53-->src/main/AndroidManifest.xml:32:17-79
53-->src/main/AndroidManifest.xml:32:25-76
54            </intent-filter>
55        </receiver>
56
57        <meta-data
57-->src/main/AndroidManifest.xml:36:9-38:37
58            android:name="google_analytics_adid_collection_enabled"
58-->src/main/AndroidManifest.xml:37:13-68
59            android:value="false" />
59-->src/main/AndroidManifest.xml:38:13-34
60
61        <service
61-->src/main/AndroidManifest.xml:40:9-46:19
62            android:name="co.touchlab.droidcon.android.service.impl.DefaultFirebaseMessagingService"
62-->src/main/AndroidManifest.xml:41:13-101
63            android:exported="false" >
63-->src/main/AndroidManifest.xml:42:13-37
64            <intent-filter>
64-->src/main/AndroidManifest.xml:43:13-45:29
65                <action android:name="com.google.firebase.MESSAGING_EVENT" />
65-->src/main/AndroidManifest.xml:44:17-78
65-->src/main/AndroidManifest.xml:44:25-75
66            </intent-filter>
67        </service>
68        <service
68-->[com.google.firebase:firebase-analytics-ktx:22.5.0] AndroidManifest.xml:8:9-14:19
69            android:name="com.google.firebase.components.ComponentDiscoveryService"
69-->[com.google.firebase:firebase-analytics-ktx:22.5.0] AndroidManifest.xml:9:13-84
70            android:directBootAware="true"
70-->[com.google.firebase:firebase-common:22.0.1] AndroidManifest.xml:32:13-43
71            android:exported="false" >
71-->[com.google.firebase:firebase-analytics-ktx:22.5.0] AndroidManifest.xml:10:13-37
72            <meta-data
72-->[com.google.firebase:firebase-analytics-ktx:22.5.0] AndroidManifest.xml:11:13-13:85
73                android:name="com.google.firebase.components:com.google.firebase.analytics.ktx.FirebaseAnalyticsLegacyRegistrar"
73-->[com.google.firebase:firebase-analytics-ktx:22.5.0] AndroidManifest.xml:12:17-129
74                android:value="com.google.firebase.components.ComponentRegistrar" />
74-->[com.google.firebase:firebase-analytics-ktx:22.5.0] AndroidManifest.xml:13:17-82
75            <meta-data
75-->[com.google.firebase:firebase-crashlytics-ktx:19.4.4] AndroidManifest.xml:24:13-26:85
76                android:name="com.google.firebase.components:com.google.firebase.crashlytics.ktx.FirebaseCrashlyticsKtxRegistrar"
76-->[com.google.firebase:firebase-crashlytics-ktx:19.4.4] AndroidManifest.xml:25:17-130
77                android:value="com.google.firebase.components.ComponentRegistrar" />
77-->[com.google.firebase:firebase-crashlytics-ktx:19.4.4] AndroidManifest.xml:26:17-82
78            <meta-data
78-->[com.google.firebase:firebase-messaging-ktx:24.1.2] AndroidManifest.xml:26:13-28:85
79                android:name="com.google.firebase.components:com.google.firebase.messaging.ktx.FirebaseMessagingLegacyRegistrar"
79-->[com.google.firebase:firebase-messaging-ktx:24.1.2] AndroidManifest.xml:27:17-129
80                android:value="com.google.firebase.components.ComponentRegistrar" />
80-->[com.google.firebase:firebase-messaging-ktx:24.1.2] AndroidManifest.xml:28:17-82
81            <meta-data
81-->[com.google.firebase:firebase-common-ktx:21.0.0] AndroidManifest.xml:12:13-14:85
82                android:name="com.google.firebase.components:com.google.firebase.ktx.FirebaseCommonLegacyRegistrar"
82-->[com.google.firebase:firebase-common-ktx:21.0.0] AndroidManifest.xml:13:17-116
83                android:value="com.google.firebase.components.ComponentRegistrar" />
83-->[com.google.firebase:firebase-common-ktx:21.0.0] AndroidManifest.xml:14:17-82
84            <meta-data
84-->[com.google.firebase:firebase-crashlytics:20.0.3] AndroidManifest.xml:15:13-17:85
85                android:name="com.google.firebase.components:com.google.firebase.crashlytics.FirebaseCrashlyticsKtxRegistrar"
85-->[com.google.firebase:firebase-crashlytics:20.0.3] AndroidManifest.xml:16:17-126
86                android:value="com.google.firebase.components.ComponentRegistrar" />
86-->[com.google.firebase:firebase-crashlytics:20.0.3] AndroidManifest.xml:17:17-82
87            <meta-data
87-->[com.google.firebase:firebase-crashlytics:20.0.3] AndroidManifest.xml:18:13-20:85
88                android:name="com.google.firebase.components:com.google.firebase.crashlytics.CrashlyticsRegistrar"
88-->[com.google.firebase:firebase-crashlytics:20.0.3] AndroidManifest.xml:19:17-115
89                android:value="com.google.firebase.components.ComponentRegistrar" />
89-->[com.google.firebase:firebase-crashlytics:20.0.3] AndroidManifest.xml:20:17-82
90            <meta-data
90-->[com.google.firebase:firebase-messaging:25.0.1] AndroidManifest.xml:57:13-59:85
91                android:name="com.google.firebase.components:com.google.firebase.messaging.FirebaseMessagingKtxRegistrar"
91-->[com.google.firebase:firebase-messaging:25.0.1] AndroidManifest.xml:58:17-122
92                android:value="com.google.firebase.components.ComponentRegistrar" />
92-->[com.google.firebase:firebase-messaging:25.0.1] AndroidManifest.xml:59:17-82
93            <meta-data
93-->[com.google.firebase:firebase-messaging:25.0.1] AndroidManifest.xml:60:13-62:85
94                android:name="com.google.firebase.components:com.google.firebase.messaging.FirebaseMessagingRegistrar"
94-->[com.google.firebase:firebase-messaging:25.0.1] AndroidManifest.xml:61:17-119
95                android:value="com.google.firebase.components.ComponentRegistrar" />
95-->[com.google.firebase:firebase-messaging:25.0.1] AndroidManifest.xml:62:17-82
96            <meta-data
96-->[com.google.android.gms:play-services-measurement-api:23.0.0] AndroidManifest.xml:33:13-35:85
97                android:name="com.google.firebase.components:com.google.firebase.analytics.connector.internal.AnalyticsConnectorRegistrar"
97-->[com.google.android.gms:play-services-measurement-api:23.0.0] AndroidManifest.xml:34:17-139
98                android:value="com.google.firebase.components.ComponentRegistrar" />
98-->[com.google.android.gms:play-services-measurement-api:23.0.0] AndroidManifest.xml:35:17-82
99            <meta-data
99-->[com.google.firebase:firebase-sessions:3.0.3] AndroidManifest.xml:25:13-27:85
100                android:name="com.google.firebase.components:com.google.firebase.sessions.FirebaseSessionsRegistrar"
100-->[com.google.firebase:firebase-sessions:3.0.3] AndroidManifest.xml:26:17-117
101                android:value="com.google.firebase.components.ComponentRegistrar" />
101-->[com.google.firebase:firebase-sessions:3.0.3] AndroidManifest.xml:27:17-82
102            <meta-data
102-->[com.google.firebase:firebase-installations:19.0.1] AndroidManifest.xml:15:13-17:85
103                android:name="com.google.firebase.components:com.google.firebase.installations.FirebaseInstallationsKtxRegistrar"
103-->[com.google.firebase:firebase-installations:19.0.1] AndroidManifest.xml:16:17-130
104                android:value="com.google.firebase.components.ComponentRegistrar" />
104-->[com.google.firebase:firebase-installations:19.0.1] AndroidManifest.xml:17:17-82
105            <meta-data
105-->[com.google.firebase:firebase-installations:19.0.1] AndroidManifest.xml:18:13-20:85
106                android:name="com.google.firebase.components:com.google.firebase.installations.FirebaseInstallationsRegistrar"
106-->[com.google.firebase:firebase-installations:19.0.1] AndroidManifest.xml:19:17-127
107                android:value="com.google.firebase.components.ComponentRegistrar" />
107-->[com.google.firebase:firebase-installations:19.0.1] AndroidManifest.xml:20:17-82
108            <meta-data
108-->[com.google.firebase:firebase-common:22.0.1] AndroidManifest.xml:35:13-37:85
109                android:name="com.google.firebase.components:com.google.firebase.FirebaseCommonKtxRegistrar"
109-->[com.google.firebase:firebase-common:22.0.1] AndroidManifest.xml:36:17-109
110                android:value="com.google.firebase.components.ComponentRegistrar" />
110-->[com.google.firebase:firebase-common:22.0.1] AndroidManifest.xml:37:17-82
111            <meta-data
111-->[com.google.firebase:firebase-datatransport:19.0.0] AndroidManifest.xml:25:13-27:85
112                android:name="com.google.firebase.components:com.google.firebase.datatransport.TransportRegistrar"
112-->[com.google.firebase:firebase-datatransport:19.0.0] AndroidManifest.xml:26:17-115
113                android:value="com.google.firebase.components.ComponentRegistrar" />
113-->[com.google.firebase:firebase-datatransport:19.0.0] AndroidManifest.xml:27:17-82
114        </service>
115
116        <provider
116-->[org.jetbrains.compose.components:components-resources-android:1.9.3] AndroidManifest.xml:8:9-13:20
117            android:name="org.jetbrains.compose.resources.AndroidContextProvider"
117-->[org.jetbrains.compose.components:components-resources-android:1.9.3] AndroidManifest.xml:9:13-82
118            android:authorities="com.droidcon.app.resources.AndroidContextProvider"
118-->[org.jetbrains.compose.components:components-resources-android:1.9.3] AndroidManifest.xml:10:13-84
119            android:enabled="true"
119-->[org.jetbrains.compose.components:components-resources-android:1.9.3] AndroidManifest.xml:11:13-35
120            android:exported="false" >
120-->[org.jetbrains.compose.components:components-resources-android:1.9.3] AndroidManifest.xml:12:13-37
121        </provider>
122
123        <receiver
123-->[com.google.firebase:firebase-messaging:25.0.1] AndroidManifest.xml:29:9-40:20
124            android:name="com.google.firebase.iid.FirebaseInstanceIdReceiver"
124-->[com.google.firebase:firebase-messaging:25.0.1] AndroidManifest.xml:30:13-78
125            android:exported="true"
125-->[com.google.firebase:firebase-messaging:25.0.1] AndroidManifest.xml:31:13-36
126            android:permission="com.google.android.c2dm.permission.SEND" >
126-->[com.google.firebase:firebase-messaging:25.0.1] AndroidManifest.xml:32:13-73
127            <intent-filter>
127-->[com.google.firebase:firebase-messaging:25.0.1] AndroidManifest.xml:33:13-35:29
128                <action android:name="com.google.android.c2dm.intent.RECEIVE" />
128-->[com.google.firebase:firebase-messaging:25.0.1] AndroidManifest.xml:34:17-81
128-->[com.google.firebase:firebase-messaging:25.0.1] AndroidManifest.xml:34:25-78
129            </intent-filter>
130
131            <meta-data
131-->[com.google.firebase:firebase-messaging:25.0.1] AndroidManifest.xml:37:13-39:40
132                android:name="com.google.android.gms.cloudmessaging.FINISHED_AFTER_HANDLED"
132-->[com.google.firebase:firebase-messaging:25.0.1] AndroidManifest.xml:38:17-92
133                android:value="true" />
133-->[com.google.firebase:firebase-messaging:25.0.1] AndroidManifest.xml:39:17-37
134        </receiver>
135        <!--
136             FirebaseMessagingService performs security checks at runtime,
137             but set to not exported to explicitly avoid allowing another app to call it.
138        -->
139        <service
139-->[com.google.firebase:firebase-messaging:25.0.1] AndroidManifest.xml:46:9-53:19
140            android:name="com.google.firebase.messaging.FirebaseMessagingService"
140-->[com.google.firebase:firebase-messaging:25.0.1] AndroidManifest.xml:47:13-82
141            android:directBootAware="true"
141-->[com.google.firebase:firebase-messaging:25.0.1] AndroidManifest.xml:48:13-43
142            android:exported="false" >
142-->[com.google.firebase:firebase-messaging:25.0.1] AndroidManifest.xml:49:13-37
143            <intent-filter android:priority="-500" >
143-->src/main/AndroidManifest.xml:43:13-45:29
144                <action android:name="com.google.firebase.MESSAGING_EVENT" />
144-->src/main/AndroidManifest.xml:44:17-78
144-->src/main/AndroidManifest.xml:44:25-75
145            </intent-filter>
146        </service>
147
148        <provider
148-->[com.google.firebase:firebase-common:22.0.1] AndroidManifest.xml:23:9-28:39
149            android:name="com.google.firebase.provider.FirebaseInitProvider"
149-->[com.google.firebase:firebase-common:22.0.1] AndroidManifest.xml:24:13-77
150            android:authorities="com.droidcon.app.firebaseinitprovider"
150-->[com.google.firebase:firebase-common:22.0.1] AndroidManifest.xml:25:13-72
151            android:directBootAware="true"
151-->[com.google.firebase:firebase-common:22.0.1] AndroidManifest.xml:26:13-43
152            android:exported="false"
152-->[com.google.firebase:firebase-common:22.0.1] AndroidManifest.xml:27:13-37
153            android:initOrder="100" />
153-->[com.google.firebase:firebase-common:22.0.1] AndroidManifest.xml:28:13-36
154
155        <receiver
155-->[com.google.android.gms:play-services-measurement:23.0.0] AndroidManifest.xml:29:9-33:20
156            android:name="com.google.android.gms.measurement.AppMeasurementReceiver"
156-->[com.google.android.gms:play-services-measurement:23.0.0] AndroidManifest.xml:30:13-85
157            android:enabled="true"
157-->[com.google.android.gms:play-services-measurement:23.0.0] AndroidManifest.xml:31:13-35
158            android:exported="false" >
158-->[com.google.android.gms:play-services-measurement:23.0.0] AndroidManifest.xml:32:13-37
159        </receiver>
160
161        <service
161-->[com.google.android.gms:play-services-measurement:23.0.0] AndroidManifest.xml:35:9-38:40
162            android:name="com.google.android.gms.measurement.AppMeasurementService"
162-->[com.google.android.gms:play-services-measurement:23.0.0] AndroidManifest.xml:36:13-84
163            android:enabled="true"
163-->[com.google.android.gms:play-services-measurement:23.0.0] AndroidManifest.xml:37:13-35
164            android:exported="false" />
164-->[com.google.android.gms:play-services-measurement:23.0.0] AndroidManifest.xml:38:13-37
165        <service
165-->[com.google.android.gms:play-services-measurement:23.0.0] AndroidManifest.xml:39:9-43:72
166            android:name="com.google.android.gms.measurement.AppMeasurementJobService"
166-->[com.google.android.gms:play-services-measurement:23.0.0] AndroidManifest.xml:40:13-87
167            android:enabled="true"
167-->[com.google.android.gms:play-services-measurement:23.0.0] AndroidManifest.xml:41:13-35
168            android:exported="false"
168-->[com.google.android.gms:play-services-measurement:23.0.0] AndroidManifest.xml:42:13-37
169            android:permission="android.permission.BIND_JOB_SERVICE" />
169-->[com.google.android.gms:play-services-measurement:23.0.0] AndroidManifest.xml:43:13-69
170
171        <activity
171-->[com.google.android.gms:play-services-base:18.5.0] AndroidManifest.xml:5:9-173
172            android:name="com.google.android.gms.common.api.GoogleApiActivity"
172-->[com.google.android.gms:play-services-base:18.5.0] AndroidManifest.xml:5:19-85
173            android:exported="false"
173-->[com.google.android.gms:play-services-base:18.5.0] AndroidManifest.xml:5:146-170
174            android:theme="@android:style/Theme.Translucent.NoTitleBar" />
174-->[com.google.android.gms:play-services-base:18.5.0] AndroidManifest.xml:5:86-145
175
176        <provider
176-->[androidx.emoji2:emoji2:1.4.0] AndroidManifest.xml:24:9-32:20
177            android:name="androidx.startup.InitializationProvider"
177-->[androidx.emoji2:emoji2:1.4.0] AndroidManifest.xml:25:13-67
178            android:authorities="com.droidcon.app.androidx-startup"
178-->[androidx.emoji2:emoji2:1.4.0] AndroidManifest.xml:26:13-68
179            android:exported="false" >
179-->[androidx.emoji2:emoji2:1.4.0] AndroidManifest.xml:27:13-37
180            <meta-data
180-->[androidx.emoji2:emoji2:1.4.0] AndroidManifest.xml:29:13-31:52
181                android:name="androidx.emoji2.text.EmojiCompatInitializer"
181-->[androidx.emoji2:emoji2:1.4.0] AndroidManifest.xml:30:17-75
182                android:value="androidx.startup" />
182-->[androidx.emoji2:emoji2:1.4.0] AndroidManifest.xml:31:17-49
183            <meta-data
183-->[androidx.lifecycle:lifecycle-process:2.9.4] AndroidManifest.xml:29:13-31:52
184                android:name="androidx.lifecycle.ProcessLifecycleInitializer"
184-->[androidx.lifecycle:lifecycle-process:2.9.4] AndroidManifest.xml:30:17-78
185                android:value="androidx.startup" />
185-->[androidx.lifecycle:lifecycle-process:2.9.4] AndroidManifest.xml:31:17-49
186            <meta-data
186-->[androidx.profileinstaller:profileinstaller:1.4.1] AndroidManifest.xml:29:13-31:52
187                android:name="androidx.profileinstaller.ProfileInstallerInitializer"
187-->[androidx.profileinstaller:profileinstaller:1.4.1] AndroidManifest.xml:30:17-85
188                android:value="androidx.startup" />
188-->[androidx.profileinstaller:profileinstaller:1.4.1] AndroidManifest.xml:31:17-49
189        </provider>
190
191        <uses-library
191-->[androidx.privacysandbox.ads:ads-adservices:1.1.0-beta11] AndroidManifest.xml:23:9-25:40
192            android:name="android.ext.adservices"
192-->[androidx.privacysandbox.ads:ads-adservices:1.1.0-beta11] AndroidManifest.xml:24:13-50
193            android:required="false" />
193-->[androidx.privacysandbox.ads:ads-adservices:1.1.0-beta11] AndroidManifest.xml:25:13-37
194
195        <meta-data
195-->[com.google.android.gms:play-services-basement:18.5.0] AndroidManifest.xml:21:9-23:69
196            android:name="com.google.android.gms.version"
196-->[com.google.android.gms:play-services-basement:18.5.0] AndroidManifest.xml:22:13-58
197            android:value="@integer/google_play_services_version" />
197-->[com.google.android.gms:play-services-basement:18.5.0] AndroidManifest.xml:23:13-66
198
199        <activity
199-->[androidx.compose.ui:ui-tooling-android:1.9.5] AndroidManifest.xml:23:9-25:39
200            android:name="androidx.compose.ui.tooling.PreviewActivity"
200-->[androidx.compose.ui:ui-tooling-android:1.9.5] AndroidManifest.xml:24:13-71
201            android:exported="true" />
201-->[androidx.compose.ui:ui-tooling-android:1.9.5] AndroidManifest.xml:25:13-36
202
203        <service
203-->[com.google.android.datatransport:transport-backend-cct:3.3.0] AndroidManifest.xml:26:9-32:19
204            android:name="com.google.android.datatransport.runtime.backends.TransportBackendDiscovery"
204-->[com.google.android.datatransport:transport-backend-cct:3.3.0] AndroidManifest.xml:27:13-103
205            android:exported="false" >
205-->[com.google.android.datatransport:transport-backend-cct:3.3.0] AndroidManifest.xml:28:13-37
206            <meta-data
206-->[com.google.android.datatransport:transport-backend-cct:3.3.0] AndroidManifest.xml:29:13-31:39
207                android:name="backend:com.google.android.datatransport.cct.CctBackendFactory"
207-->[com.google.android.datatransport:transport-backend-cct:3.3.0] AndroidManifest.xml:30:17-94
208                android:value="cct" />
208-->[com.google.android.datatransport:transport-backend-cct:3.3.0] AndroidManifest.xml:31:17-36
209        </service>
210
211        <receiver
211-->[androidx.profileinstaller:profileinstaller:1.4.1] AndroidManifest.xml:34:9-52:20
212            android:name="androidx.profileinstaller.ProfileInstallReceiver"
212-->[androidx.profileinstaller:profileinstaller:1.4.1] AndroidManifest.xml:35:13-76
213            android:directBootAware="false"
213-->[androidx.profileinstaller:profileinstaller:1.4.1] AndroidManifest.xml:36:13-44
214            android:enabled="true"
214-->[androidx.profileinstaller:profileinstaller:1.4.1] AndroidManifest.xml:37:13-35
215            android:exported="true"
215-->[androidx.profileinstaller:profileinstaller:1.4.1] AndroidManifest.xml:38:13-36
216            android:permission="android.permission.DUMP" >
216-->[androidx.profileinstaller:profileinstaller:1.4.1] AndroidManifest.xml:39:13-57
217            <intent-filter>
217-->[androidx.profileinstaller:profileinstaller:1.4.1] AndroidManifest.xml:40:13-42:29
218                <action android:name="androidx.profileinstaller.action.INSTALL_PROFILE" />
218-->[androidx.profileinstaller:profileinstaller:1.4.1] AndroidManifest.xml:41:17-91
218-->[androidx.profileinstaller:profileinstaller:1.4.1] AndroidManifest.xml:41:25-88
219            </intent-filter>
220            <intent-filter>
220-->[androidx.profileinstaller:profileinstaller:1.4.1] AndroidManifest.xml:43:13-45:29
221                <action android:name="androidx.profileinstaller.action.SKIP_FILE" />
221-->[androidx.profileinstaller:profileinstaller:1.4.1] AndroidManifest.xml:44:17-85
221-->[androidx.profileinstaller:profileinstaller:1.4.1] AndroidManifest.xml:44:25-82
222            </intent-filter>
223            <intent-filter>
223-->[androidx.profileinstaller:profileinstaller:1.4.1] AndroidManifest.xml:46:13-48:29
224                <action android:name="androidx.profileinstaller.action.SAVE_PROFILE" />
224-->[androidx.profileinstaller:profileinstaller:1.4.1] AndroidManifest.xml:47:17-88
224-->[androidx.profileinstaller:profileinstaller:1.4.1] AndroidManifest.xml:47:25-85
225            </intent-filter>
226            <intent-filter>
226-->[androidx.profileinstaller:profileinstaller:1.4.1] AndroidManifest.xml:49:13-51:29
227                <action android:name="androidx.profileinstaller.action.BENCHMARK_OPERATION" />
227-->[androidx.profileinstaller:profileinstaller:1.4.1] AndroidManifest.xml:50:17-95
227-->[androidx.profileinstaller:profileinstaller:1.4.1] AndroidManifest.xml:50:25-92
228            </intent-filter>
229        </receiver>
230
231        <service
231-->[com.google.android.datatransport:transport-runtime:3.3.0] AndroidManifest.xml:24:9-28:19
232            android:name="com.google.android.datatransport.runtime.scheduling.jobscheduling.JobInfoSchedulerService"
232-->[com.google.android.datatransport:transport-runtime:3.3.0] AndroidManifest.xml:25:13-117
233            android:exported="false"
233-->[com.google.android.datatransport:transport-runtime:3.3.0] AndroidManifest.xml:26:13-37
234            android:permission="android.permission.BIND_JOB_SERVICE" >
234-->[com.google.android.datatransport:transport-runtime:3.3.0] AndroidManifest.xml:27:13-69
235        </service>
236
237        <receiver
237-->[com.google.android.datatransport:transport-runtime:3.3.0] AndroidManifest.xml:30:9-32:40
238            android:name="com.google.android.datatransport.runtime.scheduling.jobscheduling.AlarmManagerSchedulerBroadcastReceiver"
238-->[com.google.android.datatransport:transport-runtime:3.3.0] AndroidManifest.xml:31:13-132
239            android:exported="false" />
239-->[com.google.android.datatransport:transport-runtime:3.3.0] AndroidManifest.xml:32:13-37
240    </application>
241
242</manifest>